tty1
user	type		PID	line	id	host	date/time
         INIT_PROC  2732 tty1   tty1           Wed Jan  3 06:49:19 76779117
LOGIN    LOGIN_PRO  2732 tty1   tty1L           Wed Jan  3 06:49:19 76779117
root     USER_PROC  2732 tty1   tty1r           Tue Nov  1 07:59:49 4324349
         DEAD_PROC  2732 tty1   tty1           Tue Jan 28 02:58:58 61312747
         INIT_PROC  2708 tty1   tty1           Thu May  1 17:19:43 66726752
LOGIN    LOGIN_PRO  2708 tty1   tty1L           Thu May  1 17:19:43 66726752
root     USER_PROC  2708 tty1   tty1r           Sun Apr 10 11:38:32 38665222
         DEAD_PROC  2708 tty1   tty1           Sat Mar 19 18:54:51 72116259
         INIT_PROC  2726 tty1   tty1           Sat May 19 03:01:24 69684931
LOGIN    LOGIN_PRO  2726 tty1   tty1L           Sat May 19 03:01:24 69684931
root     USER_PROC  2726 tty1   tty1r           Thu Aug 22 13:56:33 8156712
         INIT_PROC  2727 tty1   tty1           Thu Dec  6 19:26:44 55887173
LOGIN    LOGIN_PRO  2727 tty1   tty1L           Thu Dec  6 19:26:44 55887173
         DEAD_PROC  2727 tty1   tty1           Thu Oct  2 07:11:56 70976132
         INIT_PROC  3254 tty1   tty1           Sun Dec 18 21:10:20 79114901
LOGIN    LOGIN_PRO  3254 tty1   tty1L           Sun Dec 18 21:10:20 79114901
         DEAD_PROC  3254 tty1   tty1           Thu Jun 23 12:19:04 100288985
         INIT_PROC  3267 tty1   tty1           Sun Oct 26 03:32:08 107526758
LOGIN    LOGIN_PRO  3267 tty1   tty1L           Sun Oct 26 03:32:08 107526758
         DEAD_PROC  3267 tty1   tty1           Thu Nov 18 18:41:37 94749221
         INIT_PROC  3278 tty1   tty1           Fri Mar 31 23:29:37 101235167
LOGIN    LOGIN_PRO  3278 tty1   tty1L           Fri Mar 31 23:29:37 101235167
         DEAD_PROC  3278 tty1   tty1           Mon Dec 10 06:44:24 127428559
         INIT_PROC  3288 tty1   tty1           Sun Sep 20 20:27:52 133175198
LOGIN    LOGIN_PRO  3288 tty1   tty1L           Sun Sep 20 20:27:52 133175198
         DEAD_PROC  3288 tty1   tty1           Thu Jul 20 20:09:17 105898705
         INIT_PROC  3298 tty1   tty1           Sat Mar 13 01:20:45 113650128
LOGIN    LOGIN_PRO  3298 tty1   tty1L           Sat Mar 13 01:20:45 113650128
root     USER_PROC  3298 tty1   tty1r           Mon Nov 29 17:32:09 11630038
         INIT_PROC  2733 tty1   tty1           Wed Jul  2 12:21:35 46925259
LOGIN    LOGIN_PRO  2733 tty1   tty1L           Wed Jul  2 12:21:35 46925259
root     USER_PROC  2733 tty1   tty1r           Wed May 16 19:43:20 75942362
         INIT_PROC  2724 tty1   tty1           Sun Nov  5 01:05:38 24059290
LOGIN    LOGIN_PRO  2724 tty1   tty1L           Sun Nov  5 01:05:38 24059290
root     USER_PROC  2724 tty1   tty1r           Sat Nov 30 06:51:40 30519512
         INIT_PROC  2728 tty1   tty1           Fri Jul 22 20:01:25 66404191
LOGIN    LOGIN_PRO  2728 tty1   tty1L           Fri Jul 22 20:01:25 66404191
root     USER_PROC  2728 tty1   tty1r           Sat Feb  5 10:42:42 20494777
         INIT_PROC  2727 tty1   tty1           Tue Mar  4 22:10:14 84193552
LOGIN    LOGIN_PRO  2727 tty1   tty1L           Tue Mar  4 22:10:14 84193552
root     USER_PROC  2727 tty1   tty1r           Sun Apr 17 13:53:25 32917904
